<?xml version="1.0" encoding="UTF-8"?>
<testsuite xmlns:xsi="http://www.w3.org/2001/XMLSchema-instance" xsi:noNamespaceSchemaLocation="https://maven.apache.org/surefire/maven-surefire-plugin/xsd/surefire-test-report-3.0.xsd" version="3.0" name="com.orderengine.concurrency.ReservationExpiryTest" time="0.882" tests="1" errors="0" skipped="0" failures="0">
  <properties>
[...]
</properties>
  <testcase name="testReservationExpiryAndStockRelease" classname="com.orderengine.concurrency.ReservationExpiryTest" time="0.871">
    <system-out><![CDATA[2026-09-22T14:45:46.488+05:30  INFO 22448 --- [concurrent-order-engine] [           main] t.c.s.AnnotationConfigContextLoaderUtils : Could not detect default configuration classes for test class [com.orderengine.concurrency.ReservationExpiryTest]: ReservationExpiryTest does not declare any static, non-private, non-final, nested classes annotated with @Configuration.
2026-09-22T14:45:46.490+05:30  INFO 22448 --- [concurrent-order-engine] [           main] .b.t.c.SpringBootTestContextBootstrapper : Found @SpringBootConfiguration com.orderengine.OrderProcessingApplication for test class com.orderengine.concurrency.ReservationExpiryTest
2026-09-22T14:45:46.497+05:30  INFO 22448 --- [concurrent-order-engine] [           main] j.LocalContainerEntityManagerFactoryBean : Closing JPA EntityManagerFactory for persistence unit 'default'
2026-09-22T14:45:46.499+05:30  INFO 22448 --- [concurrent-order-engine] [           main] com.zaxxer.hikari.HikariDataSource       : HikariPool-3 - Shutdown initiated...
2026-09-22T14:45:46.499+05:30  INFO 22448 --- [concurrent-order-engine] [           main] com.zaxxer.hikari.HikariDataSource       : HikariPool-3 - Shutdown completed.

  .   ____          _            __ _ _
 /\\ / ___'_ __ _ _(_)_ __  __ _ \ \ \ \
( ( )\___ | '_ | '_| | '_ \/ _` | \ \ \ \
 \\/  ___)| |_)| | | | | || (_| |  ) ) ) )
  '  |____| .__|_| |_|_| |_\__, | / / / /
 =========|_|==============|___/=/_/_/_/

 :: Spring Boot ::                (v3.3.3)

2026-09-22T14:45:46.529+05:30  INFO 22448 --- [concurrent-order-engine] [           main] c.o.concurrency.ReservationExpiryTest    : Starting ReservationExpiryTest using Java 26.0.1 with PID 22448 (started by abhis in D:\! AbhiFTW\DC-Bots\Multi order\backend)
2026-09-22T14:45:46.529+05:30  INFO 22448 --- [concurrent-order-engine] [           main] c.o.concurrency.ReservationExpiryTest    : No active profile set, falling back to 1 default profile: "default"
2026-09-22T14:45:46.707+05:30  INFO 22448 --- [concurrent-order-engine] [           main] .s.d.r.c.RepositoryConfigurationDelegate : Bootstrapping Spring Data JPA repositories in DEFAULT mode.
2026-09-22T14:45:46.729+05:30  INFO 22448 --- [concurrent-order-engine] [           main] .s.d.r.c.RepositoryConfigurationDelegate : Finished Spring Data repository scanning in 19 ms. Found 8 JPA repository interfaces.
2026-09-22T14:45:46.809+05:30  INFO 22448 --- [concurrent-order-engine] [           main] o.hibernate.jpa.internal.util.LogHelper  : HHH000204: Processing PersistenceUnitInfo [name: default]
2026-09-22T14:45:46.812+05:30  INFO 22448 --- [concurrent-order-engine] [           main] o.h.c.internal.RegionFactoryInitiator    : HHH000026: Second-level cache disabled
2026-09-22T14:45:46.822+05:30  INFO 22448 --- [concurrent-order-engine] [           main] o.s.o.j.p.SpringPersistenceUnitInfo      : No LoadTimeWeaver setup: ignoring JPA class transformer
2026-09-22T14:45:46.823+05:30  INFO 22448 --- [concurrent-order-engine] [           main] com.zaxxer.hikari.HikariDataSource       : HikariPool-4 - Starting...
2026-09-22T14:45:46.824+05:30  INFO 22448 --- [concurrent-order-engine] [           main] com.zaxxer.hikari.pool.HikariPool        : HikariPool-4 - Added connection conn20: url=jdbc:h2:mem:orderdb user=SA
2026-09-22T14:45:46.824+05:30  INFO 22448 --- [concurrent-order-engine] [           main] com.zaxxer.hikari.HikariDataSource       : HikariPool-4 - Start completed.
2026-09-22T14:45:46.825+05:30  WARN 22448 --- [concurrent-order-engine] [           main] org.hibernate.orm.deprecation            : HHH90000025: H2Dialect does not need to be specified explicitly using 'hibernate.dialect' (remove the property setting and it will be selected by default)
2026-09-22T14:45:46.984+05:30  INFO 22448 --- [concurrent-order-engine] [           main] o.h.e.t.j.p.i.JtaPlatformInitiator       : HHH000489: No JTA platform available (set 'hibernate.transaction.jta.platform' to enable JTA platform integration)
2026-09-22T14:45:46.991+05:30  INFO 22448 --- [concurrent-order-engine] [           main] j.LocalContainerEntityManagerFactoryBean : Initialized JPA EntityManagerFactory for persistence unit 'default'
2026-09-22T14:45:46.994+05:30  INFO 22448 --- [concurrent-order-engine] [           main] c.o.concurrency.OrderThreadPoolManager   : Initialized OrderThreadPoolManager with pool size: 10
2026-09-22T14:45:47.180+05:30  WARN 22448 --- [concurrent-order-engine] [           main] JpaBaseConfiguration$JpaWebConfiguration : spring.jpa.open-in-view is enabled by default. Therefore, database queries may be performed during view rendering. Explicitly configure spring.jpa.open-in-view to disable this warning
2026-09-22T14:45:47.305+05:30  INFO 22448 --- [concurrent-order-engine] [           main] o.s.b.a.h2.H2ConsoleAutoConfiguration    : H2 console available at '/h2-console'. Database available at 'jdbc:h2:mem:orderdb'
2026-09-22T14:45:47.331+05:30  INFO 22448 --- [concurrent-order-engine] [           main] c.o.concurrency.ReservationExpiryTest    : Started ReservationExpiryTest in 0.83 seconds (process running for 12.734)
2026-09-22T14:45:47.355+05:30  INFO 22448 --- [concurrent-order-engine] [           main] c.o.i.ReservationExpiryScheduler         : Reservation #3 for Order #999 expired. Releasing stock (qty=2)...
]]></system-out>
  </testcase>
</testsuite>