<?xml version="1.0" encoding="UTF-8"?>
<testsuite xmlns:xsi="http://www.w3.org/2001/XMLSchema-instance" xsi:noNamespaceSchemaLocation="https://maven.apache.org/surefire/maven-surefire-plugin/xsd/surefire-test-report-3.0.xsd" version="3.0" name="com.orderengine.concurrency.ConcurrentOrderProcessingTest" time="10.104" tests="1" errors="0" skipped="0" failures="0">
  <properties>
[...]
</properties>
  <testcase name="testLastItemRaceCondition" classname="com.orderengine.concurrency.ConcurrentOrderProcessingTest" time="2.775">
    <system-out><![CDATA[14:45:35.450 [main] INFO org.springframework.test.context.support.AnnotationConfigContextLoaderUtils -- Could not detect default configuration classes for test class [com.orderengine.concurrency.ConcurrentOrderProcessingTest]: ConcurrentOrderProcessingTest does not declare any static, non-private, non-final, nested classes annotated with @Configuration.
14:45:35.604 [main] INFO org.springframework.boot.test.context.SpringBootTestContextBootstrapper -- Found @SpringBootConfiguration com.orderengine.OrderProcessingApplication for test class com.orderengine.concurrency.ConcurrentOrderProcessingTest

  .   ____          _            __ _ _
 /\\ / ___'_ __ _ _(_)_ __  __ _ \ \ \ \
( ( )\___ | '_ | '_| | '_ \/ _` | \ \ \ \
 \\/  ___)| |_)| | | | | || (_| |  ) ) ) )
  '  |____| .__|_| |_|_| |_\__, | / / / /
 =========|_|==============|___/=/_/_/_/

 :: Spring Boot ::                (v3.3.3)

2026-09-22T14:45:36.178+05:30  INFO 22448 --- [concurrent-order-engine] [           main] c.o.c.ConcurrentOrderProcessingTest      : Starting ConcurrentOrderProcessingTest using Java 26.0.1 with PID 22448 (started by abhis in D:\! AbhiFTW\DC-Bots\Multi order\backend)
2026-09-22T14:45:36.180+05:30  INFO 22448 --- [concurrent-order-engine] [           main] c.o.c.ConcurrentOrderProcessingTest      : No active profile set, falling back to 1 default profile: "default"
2026-09-22T14:45:37.244+05:30  INFO 22448 --- [concurrent-order-engine] [           main] .s.d.r.c.RepositoryConfigurationDelegate : Bootstrapping Spring Data JPA repositories in DEFAULT mode.
2026-09-22T14:45:37.355+05:30  INFO 22448 --- [concurrent-order-engine] [           main] .s.d.r.c.RepositoryConfigurationDelegate : Finished Spring Data repository scanning in 100 ms. Found 8 JPA repository interfaces.
2026-09-22T14:45:38.042+05:30  INFO 22448 --- [concurrent-order-engine] [           main] o.hibernate.jpa.internal.util.LogHelper  : HHH000204: Processing PersistenceUnitInfo [name: default]
2026-09-22T14:45:38.126+05:30  INFO 22448 --- [concurrent-order-engine] [           main] org.hibernate.Version                    : HHH000412: Hibernate ORM core version 6.5.2.Final
2026-09-22T14:45:38.176+05:30  INFO 22448 --- [concurrent-order-engine] [           main] o.h.c.internal.RegionFactoryInitiator    : HHH000026: Second-level cache disabled
2026-09-22T14:45:38.646+05:30  INFO 22448 --- [concurrent-order-engine] [           main] o.s.o.j.p.SpringPersistenceUnitInfo      : No LoadTimeWeaver setup: ignoring JPA class transformer
2026-09-22T14:45:38.677+05:30  INFO 22448 --- [concurrent-order-engine] [           main] com.zaxxer.hikari.HikariDataSource       : HikariPool-1 - Starting...
2026-09-22T14:45:38.896+05:30  INFO 22448 --- [concurrent-order-engine] [           main] com.zaxxer.hikari.pool.HikariPool        : HikariPool-1 - Added connection conn0: url=jdbc:h2:mem:orderdb user=SA
2026-09-22T14:45:38.898+05:30  INFO 22448 --- [concurrent-order-engine] [           main] com.zaxxer.hikari.HikariDataSource       : HikariPool-1 - Start completed.
2026-09-22T14:45:38.919+05:30  WARN 22448 --- [concurrent-order-engine] [           main] org.hibernate.orm.deprecation            : HHH90000025: H2Dialect does not need to be specified explicitly using 'hibernate.dialect' (remove the property setting and it will be selected by default)
2026-09-22T14:45:40.128+05:30  INFO 22448 --- [concurrent-order-engine] [           main] o.h.e.t.j.p.i.JtaPlatformInitiator       : HHH000489: No JTA platform available (set 'hibernate.transaction.jta.platform' to enable JTA platform integration)
2026-09-22T14:45:40.198+05:30  INFO 22448 --- [concurrent-order-engine] [           main] j.LocalContainerEntityManagerFactoryBean : Initialized JPA EntityManagerFactory for persistence unit 'default'
2026-09-22T14:45:40.219+05:30  INFO 22448 --- [concurrent-order-engine] [           main] c.o.concurrency.OrderThreadPoolManager   : Initialized OrderThreadPoolManager with pool size: 10
2026-09-22T14:45:40.663+05:30  INFO 22448 --- [concurrent-order-engine] [           main] o.s.d.j.r.query.QueryEnhancerFactory     : Hibernate is in classpath; If applicable, HQL parser will be used.
2026-09-22T14:45:41.778+05:30  WARN 22448 --- [concurrent-order-engine] [           main] JpaBaseConfiguration$JpaWebConfiguration : spring.jpa.open-in-view is enabled by default. Therefore, database queries may be performed during view rendering. Explicitly configure spring.jpa.open-in-view to disable this warning
2026-09-22T14:45:42.336+05:30  INFO 22448 --- [concurrent-order-engine] [           main] o.s.b.a.h2.H2ConsoleAutoConfiguration    : H2 console available at '/h2-console'. Database available at 'jdbc:h2:mem:orderdb'
2026-09-22T14:45:42.414+05:30  INFO 22448 --- [concurrent-order-engine] [           main] c.o.c.ConcurrentOrderProcessingTest      : Started ConcurrentOrderProcessingTest in 6.648 seconds (process running for 7.817)
2026-09-22T14:45:42.512+05:30  INFO 22448 --- [concurrent-order-engine] [           main] c.o.config.DatabaseInitializer           : Seeding initial product catalog and inventory data...
2026-09-22T14:45:42.589+05:30  INFO 22448 --- [concurrent-order-engine] [           main] c.o.config.DatabaseInitializer           : Database seeding complete! Seeded 3 products.
2026-09-22T14:45:42.619+05:30  INFO 22448 --- [concurrent-order-engine] [           main] j.LocalContainerEntityManagerFactoryBean : Closing JPA EntityManagerFactory for persistence unit 'default'
2026-09-22T14:45:42.623+05:30  INFO 22448 --- [concurrent-order-engine] [           main] com.zaxxer.hikari.HikariDataSource       : HikariPool-1 - Shutdown initiated...
2026-09-22T14:45:42.625+05:30  INFO 22448 --- [concurrent-order-engine] [           main] com.zaxxer.hikari.HikariDataSource       : HikariPool-1 - Shutdown completed.

  .   ____          _            __ _ _
 /\\ / ___'_ __ _ _(_)_ __  __ _ \ \ \ \
( ( )\___ | '_ | '_| | '_ \/ _` | \ \ \ \
 \\/  ___)| |_)| | | | | || (_| |  ) ) ) )
  '  |____| .__|_| |_|_| |_\__, | / / / /
 =========|_|==============|___/=/_/_/_/

 :: Spring Boot ::                (v3.3.3)

2026-09-22T14:45:42.671+05:30  INFO 22448 --- [concurrent-order-engine] [           main] c.o.c.ConcurrentOrderProcessingTest      : Starting ConcurrentOrderProcessingTest using Java 26.0.1 with PID 22448 (started by abhis in D:\! AbhiFTW\DC-Bots\Multi order\backend)
2026-09-22T14:45:42.671+05:30  INFO 22448 --- [concurrent-order-engine] [           main] c.o.c.ConcurrentOrderProcessingTest      : No active profile set, falling back to 1 default profile: "default"
2026-09-22T14:45:42.937+05:30  INFO 22448 --- [concurrent-order-engine] [           main] .s.d.r.c.RepositoryConfigurationDelegate : Bootstrapping Spring Data JPA repositories in DEFAULT mode.
2026-09-22T14:45:42.959+05:30  INFO 22448 --- [concurrent-order-engine] [           main] .s.d.r.c.RepositoryConfigurationDelegate : Finished Spring Data repository scanning in 22 ms. Found 8 JPA repository interfaces.
2026-09-22T14:45:43.117+05:30  INFO 22448 --- [concurrent-order-engine] [           main] o.hibernate.jpa.internal.util.LogHelper  : HHH000204: Processing PersistenceUnitInfo [name: default]
2026-09-22T14:45:43.121+05:30  INFO 22448 --- [concurrent-order-engine] [           main] o.h.c.internal.RegionFactoryInitiator    : HHH000026: Second-level cache disabled
2026-09-22T14:45:43.131+05:30  INFO 22448 --- [concurrent-order-engine] [           main] o.s.o.j.p.SpringPersistenceUnitInfo      : No LoadTimeWeaver setup: ignoring JPA class transformer
2026-09-22T14:45:43.132+05:30  INFO 22448 --- [concurrent-order-engine] [           main] com.zaxxer.hikari.HikariDataSource       : HikariPool-2 - Starting...
2026-09-22T14:45:43.134+05:30  INFO 22448 --- [concurrent-order-engine] [           main] com.zaxxer.hikari.pool.HikariPool        : HikariPool-2 - Added connection conn5: url=jdbc:h2:mem:orderdb user=SA
2026-09-22T14:45:43.134+05:30  INFO 22448 --- [concurrent-order-engine] [           main] com.zaxxer.hikari.HikariDataSource       : HikariPool-2 - Start completed.
2026-09-22T14:45:43.135+05:30  WARN 22448 --- [concurrent-order-engine] [           main] org.hibernate.orm.deprecation            : HHH90000025: H2Dialect does not need to be specified explicitly using 'hibernate.dialect' (remove the property setting and it will be selected by default)
2026-09-22T14:45:43.324+05:30  INFO 22448 --- [concurrent-order-engine] [           main] o.h.e.t.j.p.i.JtaPlatformInitiator       : HHH000489: No JTA platform available (set 'hibernate.transaction.jta.platform' to enable JTA platform integration)
2026-09-22T14:45:43.341+05:30  INFO 22448 --- [concurrent-order-engine] [           main] j.LocalContainerEntityManagerFactoryBean : Initialized JPA EntityManagerFactory for persistence unit 'default'
2026-09-22T14:45:43.345+05:30  INFO 22448 --- [concurrent-order-engine] [           main] c.o.concurrency.OrderThreadPoolManager   : Initialized OrderThreadPoolManager with pool size: 10
2026-09-22T14:45:43.511+05:30  WARN 22448 --- [concurrent-order-engine] [           main] JpaBaseConfiguration$JpaWebConfiguration : spring.jpa.open-in-view is enabled by default. Therefore, database queries may be performed during view rendering. Explicitly configure spring.jpa.open-in-view to disable this warning
2026-09-22T14:45:43.632+05:30  INFO 22448 --- [concurrent-order-engine] [           main] o.s.b.a.h2.H2ConsoleAutoConfiguration    : H2 console available at '/h2-console'. Database available at 'jdbc:h2:mem:orderdb'
2026-09-22T14:45:43.674+05:30  INFO 22448 --- [concurrent-order-engine] [           main] c.o.c.ConcurrentOrderProcessingTest      : Started ConcurrentOrderProcessingTest in 1.045 seconds (process running for 9.078)
2026-09-22T14:45:44.149+05:30  INFO 22448 --- [concurrent-order-engine] [       Worker-3] c.o.service.OrderProcessingService       : [Worker-3] Worker processing Order #7
2026-09-22T14:45:44.149+05:30  INFO 22448 --- [concurrent-order-engine] [       Worker-6] c.o.service.OrderProcessingService       : [Worker-6] Worker processing Order #4
2026-09-22T14:45:44.149+05:30  INFO 22448 --- [concurrent-order-engine] [       Worker-1] c.o.service.OrderProcessingService       : [Worker-1] Worker processing Order #5
2026-09-22T14:45:44.150+05:30  INFO 22448 --- [concurrent-order-engine] [       Worker-5] c.o.service.OrderProcessingService       : [Worker-5] Worker processing Order #3
2026-09-22T14:45:44.149+05:30  INFO 22448 --- [concurrent-order-engine] [       Worker-2] c.o.service.OrderProcessingService       : [Worker-2] Worker processing Order #2
2026-09-22T14:45:44.149+05:30  INFO 22448 --- [concurrent-order-engine] [       Worker-4] c.o.service.OrderProcessingService       : [Worker-4] Worker processing Order #6
2026-09-22T14:45:44.150+05:30  INFO 22448 --- [concurrent-order-engine] [       Worker-7] c.o.service.OrderProcessingService       : [Worker-7] Worker processing Order #1
2026-09-22T14:45:44.173+05:30  INFO 22448 --- [concurrent-order-engine] [      Worker-10] c.o.service.OrderProcessingService       : [Worker-10] Worker processing Order #9
2026-09-22T14:45:44.184+05:30  INFO 22448 --- [concurrent-order-engine] [       Worker-8] c.o.service.OrderProcessingService       : [Worker-8] Worker processing Order #8
2026-09-22T14:45:44.186+05:30  INFO 22448 --- [concurrent-order-engine] [       Worker-9] c.o.service.OrderProcessingService       : [Worker-9] Worker processing Order #12
2026-09-22T14:45:44.384+05:30  INFO 22448 --- [concurrent-order-engine] [       Worker-2] c.o.i.AdaptiveInventoryGuardService      : AdaptiveGuard [HIGH CONTENTION]: Serializing inventory attempt for Product #1
2026-09-22T14:45:44.416+05:30  INFO 22448 --- [concurrent-order-engine] [       Worker-1] c.o.i.AdaptiveInventoryGuardService      : AdaptiveGuard [HIGH CONTENTION]: Serializing inventory attempt for Product #1
2026-09-22T14:45:44.422+05:30  INFO 22448 --- [concurrent-order-engine] [      Worker-10] c.o.i.AdaptiveInventoryGuardService      : AdaptiveGuard [HIGH CONTENTION]: Serializing inventory attempt for Product #1
2026-09-22T14:45:44.422+05:30  INFO 22448 --- [concurrent-order-engine] [       Worker-1] c.o.service.OrderProcessingService       : [Worker-1] Stock unavailable for Order #5. Marked OUT_OF_STOCK
2026-09-22T14:45:44.425+05:30  INFO 22448 --- [concurrent-order-engine] [       Worker-9] c.o.i.AdaptiveInventoryGuardService      : AdaptiveGuard [HIGH CONTENTION]: Serializing inventory attempt for Product #1
2026-09-22T14:45:44.425+05:30  INFO 22448 --- [concurrent-order-engine] [      Worker-10] c.o.service.OrderProcessingService       : [Worker-10] Stock unavailable for Order #9. Marked OUT_OF_STOCK
2026-09-22T14:45:44.429+05:30  INFO 22448 --- [concurrent-order-engine] [       Worker-3] c.o.i.AdaptiveInventoryGuardService      : AdaptiveGuard [HIGH CONTENTION]: Serializing inventory attempt for Product #1
2026-09-22T14:45:44.429+05:30  INFO 22448 --- [concurrent-order-engine] [       Worker-9] c.o.service.OrderProcessingService       : [Worker-9] Stock unavailable for Order #12. Marked OUT_OF_STOCK
2026-09-22T14:45:44.431+05:30  INFO 22448 --- [concurrent-order-engine] [       Worker-1] c.o.service.OrderProcessingService       : [Worker-1] Worker processing Order #11
2026-09-22T14:45:44.432+05:30  INFO 22448 --- [concurrent-order-engine] [       Worker-7] c.o.i.AdaptiveInventoryGuardService      : AdaptiveGuard [HIGH CONTENTION]: Serializing inventory attempt for Product #1
2026-09-22T14:45:44.433+05:30  INFO 22448 --- [concurrent-order-engine] [       Worker-2] c.o.i.InventoryReservationManager        : [Worker-2] Order #2 successfully CONFIRMED for product #1 (qty=1)
2026-09-22T14:45:44.432+05:30  INFO 22448 --- [concurrent-order-engine] [       Worker-3] c.o.service.OrderProcessingService       : [Worker-3] Stock unavailable for Order #7. Marked OUT_OF_STOCK
2026-09-22T14:45:44.433+05:30  INFO 22448 --- [concurrent-order-engine] [      Worker-10] c.o.service.OrderProcessingService       : [Worker-10] Worker processing Order #14
2026-09-22T14:45:44.436+05:30  INFO 22448 --- [concurrent-order-engine] [       Worker-7] c.o.service.OrderProcessingService       : [Worker-7] Stock unavailable for Order #1. Marked OUT_OF_STOCK
2026-09-22T14:45:44.436+05:30  INFO 22448 --- [concurrent-order-engine] [       Worker-6] c.o.i.AdaptiveInventoryGuardService      : AdaptiveGuard [HIGH CONTENTION]: Serializing inventory attempt for Product #1
2026-09-22T14:45:44.439+05:30  INFO 22448 --- [concurrent-order-engine] [       Worker-9] c.o.service.OrderProcessingService       : [Worker-9] Worker processing Order #10
2026-09-22T14:45:44.439+05:30  INFO 22448 --- [concurrent-order-engine] [       Worker-3] c.o.service.OrderProcessingService       : [Worker-3] Worker processing Order #13
2026-09-22T14:45:44.440+05:30  INFO 22448 --- [concurrent-order-engine] [       Worker-6] c.o.service.OrderProcessingService       : [Worker-6] Stock unavailable for Order #4. Marked OUT_OF_STOCK
2026-09-22T14:45:44.441+05:30  INFO 22448 --- [concurrent-order-engine] [       Worker-2] c.o.service.OrderProcessingService       : [Worker-2] Worker processing Order #15
2026-09-22T14:45:44.442+05:30  INFO 22448 --- [concurrent-order-engine] [       Worker-1] c.o.i.AdaptiveInventoryGuardService      : AdaptiveGuard [HIGH CONTENTION]: Serializing inventory attempt for Product #1
2026-09-22T14:45:44.443+05:30  INFO 22448 --- [concurrent-order-engine] [       Worker-7] c.o.service.OrderProcessingService       : [Worker-7] Worker processing Order #16
2026-09-22T14:45:44.445+05:30  INFO 22448 --- [concurrent-order-engine] [       Worker-1] c.o.service.OrderProcessingService       : [Worker-1] Stock unavailable for Order #11. Marked OUT_OF_STOCK
2026-09-22T14:45:44.446+05:30  INFO 22448 --- [concurrent-order-engine] [       Worker-6] c.o.service.OrderProcessingService       : [Worker-6] Worker processing Order #17
2026-09-22T14:45:44.448+05:30  INFO 22448 --- [concurrent-order-engine] [       Worker-8] c.o.i.AdaptiveInventoryGuardService      : AdaptiveGuard [HIGH CONTENTION]: Serializing inventory attempt for Product #1
2026-09-22T14:45:44.451+05:30  INFO 22448 --- [concurrent-order-engine] [       Worker-8] c.o.service.OrderProcessingService       : [Worker-8] Stock unavailable for Order #8. Marked OUT_OF_STOCK
2026-09-22T14:45:44.451+05:30  INFO 22448 --- [concurrent-order-engine] [       Worker-4] c.o.i.AdaptiveInventoryGuardService      : AdaptiveGuard [HIGH CONTENTION]: Serializing inventory attempt for Product #1
2026-09-22T14:45:44.451+05:30  INFO 22448 --- [concurrent-order-engine] [       Worker-1] c.o.service.OrderProcessingService       : [Worker-1] Worker processing Order #19
2026-09-22T14:45:44.454+05:30  INFO 22448 --- [concurrent-order-engine] [       Worker-4] c.o.service.OrderProcessingService       : [Worker-4] Stock unavailable for Order #6. Marked OUT_OF_STOCK
2026-09-22T14:45:44.454+05:30  INFO 22448 --- [concurrent-order-engine] [       Worker-5] c.o.i.AdaptiveInventoryGuardService      : AdaptiveGuard [HIGH CONTENTION]: Serializing inventory attempt for Product #1
2026-09-22T14:45:44.457+05:30  INFO 22448 --- [concurrent-order-engine] [      Worker-10] c.o.i.AdaptiveInventoryGuardService      : AdaptiveGuard [HIGH CONTENTION]: Serializing inventory attempt for Product #1
2026-09-22T14:45:44.457+05:30  INFO 22448 --- [concurrent-order-engine] [       Worker-5] c.o.service.OrderProcessingService       : [Worker-5] Stock unavailable for Order #3. Marked OUT_OF_STOCK
2026-09-22T14:45:44.458+05:30  INFO 22448 --- [concurrent-order-engine] [       Worker-8] c.o.service.OrderProcessingService       : [Worker-8] Worker processing Order #18
2026-09-22T14:45:44.460+05:30  INFO 22448 --- [concurrent-order-engine] [       Worker-4] c.o.service.OrderProcessingService       : [Worker-4] Worker processing Order #20
2026-09-22T14:45:44.460+05:30  INFO 22448 --- [concurrent-order-engine] [      Worker-10] c.o.service.OrderProcessingService       : [Worker-10] Stock unavailable for Order #14. Marked OUT_OF_STOCK
2026-09-22T14:45:44.460+05:30  INFO 22448 --- [concurrent-order-engine] [       Worker-3] c.o.i.AdaptiveInventoryGuardService      : AdaptiveGuard [HIGH CONTENTION]: Serializing inventory attempt for Product #1
2026-09-22T14:45:44.463+05:30  INFO 22448 --- [concurrent-order-engine] [       Worker-3] c.o.service.OrderProcessingService       : [Worker-3] Stock unavailable for Order #13. Marked OUT_OF_STOCK
2026-09-22T14:45:44.464+05:30  INFO 22448 --- [concurrent-order-engine] [       Worker-9] c.o.i.AdaptiveInventoryGuardService      : AdaptiveGuard [HIGH CONTENTION]: Serializing inventory attempt for Product #1
2026-09-22T14:45:44.464+05:30  INFO 22448 --- [concurrent-order-engine] [       Worker-5] c.o.service.OrderProcessingService       : [Worker-5] Worker processing Order #21
2026-09-22T14:45:44.467+05:30  INFO 22448 --- [concurrent-order-engine] [      Worker-10] c.o.service.OrderProcessingService       : [Worker-10] Worker processing Order #23
2026-09-22T14:45:44.467+05:30  INFO 22448 --- [concurrent-order-engine] [       Worker-9] c.o.service.OrderProcessingService       : [Worker-9] Stock unavailable for Order #10. Marked OUT_OF_STOCK
2026-09-22T14:45:44.468+05:30  INFO 22448 --- [concurrent-order-engine] [       Worker-8] c.o.i.AdaptiveInventoryGuardService      : AdaptiveGuard [HIGH CONTENTION]: Serializing inventory attempt for Product #1
2026-09-22T14:45:44.470+05:30  INFO 22448 --- [concurrent-order-engine] [       Worker-3] c.o.service.OrderProcessingService       : [Worker-3] Worker processing Order #22
2026-09-22T14:45:44.475+05:30  INFO 22448 --- [concurrent-order-engine] [       Worker-2] c.o.i.AdaptiveInventoryGuardService      : AdaptiveGuard [HIGH CONTENTION]: Serializing inventory attempt for Product #1
2026-09-22T14:45:44.475+05:30  INFO 22448 --- [concurrent-order-engine] [       Worker-8] c.o.service.OrderProcessingService       : [Worker-8] Stock unavailable for Order #18. Marked OUT_OF_STOCK
2026-09-22T14:45:44.476+05:30  INFO 22448 --- [concurrent-order-engine] [       Worker-9] c.o.service.OrderProcessingService       : [Worker-9] Worker processing Order #24
2026-09-22T14:45:44.479+05:30  INFO 22448 --- [concurrent-order-engine] [       Worker-2] c.o.service.OrderProcessingService       : [Worker-2] Stock unavailable for Order #15. Marked OUT_OF_STOCK
2026-09-22T14:45:44.479+05:30  INFO 22448 --- [concurrent-order-engine] [       Worker-7] c.o.i.AdaptiveInventoryGuardService      : AdaptiveGuard [HIGH CONTENTION]: Serializing inventory attempt for Product #1
2026-09-22T14:45:44.482+05:30  INFO 22448 --- [concurrent-order-engine] [       Worker-7] c.o.service.OrderProcessingService       : [Worker-7] Stock unavailable for Order #16. Marked OUT_OF_STOCK
2026-09-22T14:45:44.482+05:30  INFO 22448 --- [concurrent-order-engine] [       Worker-6] c.o.i.AdaptiveInventoryGuardService      : AdaptiveGuard [HIGH CONTENTION]: Serializing inventory attempt for Product #1
2026-09-22T14:45:44.482+05:30  INFO 22448 --- [concurrent-order-engine] [       Worker-8] c.o.service.OrderProcessingService       : [Worker-8] Worker processing Order #25
2026-09-22T14:45:44.484+05:30  INFO 22448 --- [concurrent-order-engine] [       Worker-2] c.o.service.OrderProcessingService       : [Worker-2] Worker processing Order #27
2026-09-22T14:45:44.485+05:30  INFO 22448 --- [concurrent-order-engine] [       Worker-6] c.o.service.OrderProcessingService       : [Worker-6] Stock unavailable for Order #17. Marked OUT_OF_STOCK
2026-09-22T14:45:44.485+05:30  INFO 22448 --- [concurrent-order-engine] [       Worker-1] c.o.i.AdaptiveInventoryGuardService      : AdaptiveGuard [HIGH CONTENTION]: Serializing inventory attempt for Product #1
2026-09-22T14:45:44.490+05:30  INFO 22448 --- [concurrent-order-engine] [       Worker-1] c.o.service.OrderProcessingService       : [Worker-1] Stock unavailable for Order #19. Marked OUT_OF_STOCK
2026-09-22T14:45:44.490+05:30  INFO 22448 --- [concurrent-order-engine] [       Worker-7] c.o.service.OrderProcessingService       : [Worker-7] Worker processing Order #26
2026-09-22T14:45:44.490+05:30  INFO 22448 --- [concurrent-order-engine] [       Worker-4] c.o.i.AdaptiveInventoryGuardService      : AdaptiveGuard [HIGH CONTENTION]: Serializing inventory attempt for Product #1
2026-09-22T14:45:44.494+05:30  INFO 22448 --- [concurrent-order-engine] [       Worker-6] c.o.service.OrderProcessingService       : [Worker-6] Worker processing Order #28
2026-09-22T14:45:44.495+05:30  INFO 22448 --- [concurrent-order-engine] [       Worker-5] c.o.i.AdaptiveInventoryGuardService      : AdaptiveGuard [HIGH CONTENTION]: Serializing inventory attempt for Product #1
2026-09-22T14:45:44.495+05:30  INFO 22448 --- [concurrent-order-engine] [       Worker-4] c.o.service.OrderProcessingService       : [Worker-4] Stock unavailable for Order #20. Marked OUT_OF_STOCK
2026-09-22T14:45:44.497+05:30  INFO 22448 --- [concurrent-order-engine] [       Worker-1] c.o.service.OrderProcessingService       : [Worker-1] Worker processing Order #31
2026-09-22T14:45:44.498+05:30  INFO 22448 --- [concurrent-order-engine] [      Worker-10] c.o.i.AdaptiveInventoryGuardService      : AdaptiveGuard [HIGH CONTENTION]: Serializing inventory attempt for Product #1
2026-09-22T14:45:44.498+05:30  INFO 22448 --- [concurrent-order-engine] [       Worker-5] c.o.service.OrderProcessingService       : [Worker-5] Stock unavailable for Order #21. Marked OUT_OF_STOCK
2026-09-22T14:45:44.502+05:30  INFO 22448 --- [concurrent-order-engine] [      Worker-10] c.o.service.OrderProcessingService       : [Worker-10] Stock unavailable for Order #23. Marked OUT_OF_STOCK
2026-09-22T14:45:44.502+05:30  INFO 22448 --- [concurrent-order-engine] [       Worker-3] c.o.i.AdaptiveInventoryGuardService      : AdaptiveGuard [HIGH CONTENTION]: Serializing inventory attempt for Product #1
2026-09-22T14:45:44.506+05:30  INFO 22448 --- [concurrent-order-engine] [       Worker-3] c.o.service.OrderProcessingService       : [Worker-3] Stock unavailable for Order #22. Marked OUT_OF_STOCK
2026-09-22T14:45:44.506+05:30  INFO 22448 --- [concurrent-order-engine] [       Worker-6] c.o.i.AdaptiveInventoryGuardService      : AdaptiveGuard [HIGH CONTENTION]: Serializing inventory attempt for Product #1
2026-09-22T14:45:44.507+05:30  INFO 22448 --- [concurrent-order-engine] [       Worker-4] c.o.service.OrderProcessingService       : [Worker-4] Worker processing Order #30
2026-09-22T14:45:44.508+05:30  INFO 22448 --- [concurrent-order-engine] [       Worker-5] c.o.service.OrderProcessingService       : [Worker-5] Worker processing Order #29
2026-09-22T14:45:44.510+05:30  INFO 22448 --- [concurrent-order-engine] [      Worker-10] c.o.service.OrderProcessingService       : [Worker-10] Worker processing Order #32
2026-09-22T14:45:44.511+05:30  INFO 22448 --- [concurrent-order-engine] [       Worker-6] c.o.service.OrderProcessingService       : [Worker-6] Stock unavailable for Order #28. Marked OUT_OF_STOCK
2026-09-22T14:45:44.511+05:30  INFO 22448 --- [concurrent-order-engine] [       Worker-9] c.o.i.AdaptiveInventoryGuardService      : AdaptiveGuard [HIGH CONTENTION]: Serializing inventory attempt for Product #1
2026-09-22T14:45:44.515+05:30  INFO 22448 --- [concurrent-order-engine] [       Worker-9] c.o.service.OrderProcessingService       : [Worker-9] Stock unavailable for Order #24. Marked OUT_OF_STOCK
2026-09-22T14:45:44.517+05:30  INFO 22448 --- [concurrent-order-engine] [       Worker-3] c.o.service.OrderProcessingService       : [Worker-3] Worker processing Order #35
2026-09-22T14:45:44.518+05:30  INFO 22448 --- [concurrent-order-engine] [       Worker-6] c.o.service.OrderProcessingService       : [Worker-6] Worker processing Order #33
2026-09-22T14:45:44.518+05:30  INFO 22448 --- [concurrent-order-engine] [       Worker-8] c.o.i.AdaptiveInventoryGuardService      : AdaptiveGuard [HIGH CONTENTION]: Serializing inventory attempt for Product #1
2026-09-22T14:45:44.522+05:30  INFO 22448 --- [concurrent-order-engine] [      Worker-10] c.o.i.AdaptiveInventoryGuardService      : AdaptiveGuard [HIGH CONTENTION]: Serializing inventory attempt for Product #1
2026-09-22T14:45:44.522+05:30  INFO 22448 --- [concurrent-order-engine] [       Worker-8] c.o.service.OrderProcessingService       : [Worker-8] Stock unavailable for Order #25. Marked OUT_OF_STOCK
2026-09-22T14:45:44.522+05:30  INFO 22448 --- [concurrent-order-engine] [       Worker-9] c.o.service.OrderProcessingService       : [Worker-9] Worker processing Order #36
2026-09-22T14:45:44.525+05:30  INFO 22448 --- [concurrent-order-engine] [      Worker-10] c.o.service.OrderProcessingService       : [Worker-10] Stock unavailable for Order #32. Marked OUT_OF_STOCK
2026-09-22T14:45:44.525+05:30  INFO 22448 --- [concurrent-order-engine] [       Worker-2] c.o.i.AdaptiveInventoryGuardService      : AdaptiveGuard [HIGH CONTENTION]: Serializing inventory attempt for Product #1
2026-09-22T14:45:44.528+05:30  INFO 22448 --- [concurrent-order-engine] [       Worker-8] c.o.service.OrderProcessingService       : [Worker-8] Worker processing Order #37
2026-09-22T14:45:44.529+05:30  INFO 22448 --- [concurrent-order-engine] [       Worker-2] c.o.service.OrderProcessingService       : [Worker-2] Stock unavailable for Order #27. Marked OUT_OF_STOCK
2026-09-22T14:45:44.529+05:30  INFO 22448 --- [concurrent-order-engine] [       Worker-7] c.o.i.AdaptiveInventoryGuardService      : AdaptiveGuard [HIGH CONTENTION]: Serializing inventory attempt for Product #1
2026-09-22T14:45:44.532+05:30  INFO 22448 --- [concurrent-order-engine] [       Worker-5] c.o.i.AdaptiveInventoryGuardService      : AdaptiveGuard [HIGH CONTENTION]: Serializing inventory attempt for Product #1
2026-09-22T14:45:44.532+05:30  INFO 22448 --- [concurrent-order-engine] [       Worker-7] c.o.service.OrderProcessingService       : [Worker-7] Stock unavailable for Order #26. Marked OUT_OF_STOCK
2026-09-22T14:45:44.532+05:30  INFO 22448 --- [concurrent-order-engine] [      Worker-10] c.o.service.OrderProcessingService       : [Worker-10] Worker processing Order #34
2026-09-22T14:45:44.535+05:30  INFO 22448 --- [concurrent-order-engine] [       Worker-2] c.o.service.OrderProcessingService       : [Worker-2] Worker processing Order #38
2026-09-22T14:45:44.536+05:30  INFO 22448 --- [concurrent-order-engine] [       Worker-5] c.o.service.OrderProcessingService       : [Worker-5] Stock unavailable for Order #29. Marked OUT_OF_STOCK
2026-09-22T14:45:44.538+05:30  INFO 22448 --- [concurrent-order-engine] [       Worker-8] c.o.i.AdaptiveInventoryGuardService      : AdaptiveGuard [HIGH CONTENTION]: Serializing inventory attempt for Product #1
2026-09-22T14:45:44.539+05:30  INFO 22448 --- [concurrent-order-engine] [       Worker-7] c.o.service.OrderProcessingService       : [Worker-7] Worker processing Order #41
2026-09-22T14:45:44.541+05:30  INFO 22448 --- [concurrent-order-engine] [       Worker-8] c.o.service.OrderProcessingService       : [Worker-8] Stock unavailable for Order #37. Marked OUT_OF_STOCK
2026-09-22T14:45:44.541+05:30  INFO 22448 --- [concurrent-order-engine] [       Worker-4] c.o.i.AdaptiveInventoryGuardService      : AdaptiveGuard [HIGH CONTENTION]: Serializing inventory attempt for Product #1
2026-09-22T14:45:44.542+05:30  INFO 22448 --- [concurrent-order-engine] [       Worker-5] c.o.service.OrderProcessingService       : [Worker-5] Worker processing Order #39
2026-09-22T14:45:44.544+05:30  INFO 22448 --- [concurrent-order-engine] [       Worker-1] c.o.i.AdaptiveInventoryGuardService      : AdaptiveGuard [HIGH CONTENTION]: Serializing inventory attempt for Product #1
2026-09-22T14:45:44.544+05:30  INFO 22448 --- [concurrent-order-engine] [       Worker-4] c.o.service.OrderProcessingService       : [Worker-4] Stock unavailable for Order #30. Marked OUT_OF_STOCK
2026-09-22T14:45:44.546+05:30  INFO 22448 --- [concurrent-order-engine] [       Worker-8] c.o.service.OrderProcessingService       : [Worker-8] Worker processing Order #42
2026-09-22T14:45:44.547+05:30  INFO 22448 --- [concurrent-order-engine] [       Worker-3] c.o.i.AdaptiveInventoryGuardService      : AdaptiveGuard [HIGH CONTENTION]: Serializing inventory attempt for Product #1
2026-09-22T14:45:44.547+05:30  INFO 22448 --- [concurrent-order-engine] [       Worker-1] c.o.service.OrderProcessingService       : [Worker-1] Stock unavailable for Order #31. Marked OUT_OF_STOCK
2026-09-22T14:45:44.549+05:30  INFO 22448 --- [concurrent-order-engine] [       Worker-4] c.o.service.OrderProcessingService       : [Worker-4] Worker processing Order #43
2026-09-22T14:45:44.550+05:30  INFO 22448 --- [concurrent-order-engine] [       Worker-3] c.o.service.OrderProcessingService       : [Worker-3] Stock unavailable for Order #35. Marked OUT_OF_STOCK
2026-09-22T14:45:44.550+05:30  INFO 22448 --- [concurrent-order-engine] [       Worker-9] c.o.i.AdaptiveInventoryGuardService      : AdaptiveGuard [HIGH CONTENTION]: Serializing inventory attempt for Product #1
2026-09-22T14:45:44.553+05:30  INFO 22448 --- [concurrent-order-engine] [       Worker-1] c.o.service.OrderProcessingService       : [Worker-1] Worker processing Order #44
2026-09-22T14:45:44.553+05:30  INFO 22448 --- [concurrent-order-engine] [       Worker-9] c.o.service.OrderProcessingService       : [Worker-9] Stock unavailable for Order #36. Marked OUT_OF_STOCK
2026-09-22T14:45:44.553+05:30  INFO 22448 --- [concurrent-order-engine] [       Worker-6] c.o.i.AdaptiveInventoryGuardService      : AdaptiveGuard [HIGH CONTENTION]: Serializing inventory attempt for Product #1
2026-09-22T14:45:44.556+05:30  INFO 22448 --- [concurrent-order-engine] [       Worker-3] c.o.service.OrderProcessingService       : [Worker-3] Worker processing Order #40
2026-09-22T14:45:44.556+05:30  INFO 22448 --- [concurrent-order-engine] [      Worker-10] c.o.i.AdaptiveInventoryGuardService      : AdaptiveGuard [HIGH CONTENTION]: Serializing inventory attempt for Product #1
2026-09-22T14:45:44.556+05:30  INFO 22448 --- [concurrent-order-engine] [       Worker-6] c.o.service.OrderProcessingService       : [Worker-6] Stock unavailable for Order #33. Marked OUT_OF_STOCK
2026-09-22T14:45:44.559+05:30  INFO 22448 --- [concurrent-order-engine] [      Worker-10] c.o.service.OrderProcessingService       : [Worker-10] Stock unavailable for Order #34. Marked OUT_OF_STOCK
2026-09-22T14:45:44.559+05:30  INFO 22448 --- [concurrent-order-engine] [       Worker-2] c.o.i.AdaptiveInventoryGuardService      : AdaptiveGuard [HIGH CONTENTION]: Serializing inventory attempt for Product #1
2026-09-22T14:45:44.561+05:30  INFO 22448 --- [concurrent-order-engine] [       Worker-9] c.o.service.OrderProcessingService       : [Worker-9] Worker processing Order #48
2026-09-22T14:45:44.561+05:30  INFO 22448 --- [concurrent-order-engine] [       Worker-6] c.o.service.OrderProcessingService       : [Worker-6] Worker processing Order #46
2026-09-22T14:45:44.563+05:30  INFO 22448 --- [concurrent-order-engine] [       Worker-7] c.o.i.AdaptiveInventoryGuardService      : AdaptiveGuard [HIGH CONTENTION]: Serializing inventory attempt for Product #1
2026-09-22T14:45:44.564+05:30  INFO 22448 --- [concurrent-order-engine] [       Worker-2] c.o.service.OrderProcessingService       : [Worker-2] Stock unavailable for Order #38. Marked OUT_OF_STOCK
2026-09-22T14:45:44.566+05:30  INFO 22448 --- [concurrent-order-engine] [      Worker-10] c.o.service.OrderProcessingService       : [Worker-10] Worker processing Order #51
2026-09-22T14:45:44.567+05:30  INFO 22448 --- [concurrent-order-engine] [       Worker-7] c.o.service.OrderProcessingService       : [Worker-7] Stock unavailable for Order #41. Marked OUT_OF_STOCK
2026-09-22T14:45:44.567+05:30  INFO 22448 --- [concurrent-order-engine] [       Worker-5] c.o.i.AdaptiveInventoryGuardService      : AdaptiveGuard [HIGH CONTENTION]: Serializing inventory attempt for Product #1
2026-09-22T14:45:44.571+05:30  INFO 22448 --- [concurrent-order-engine] [       Worker-5] c.o.service.OrderProcessingService       : [Worker-5] Stock unavailable for Order #39. Marked OUT_OF_STOCK
2026-09-22T14:45:44.571+05:30  INFO 22448 --- [concurrent-order-engine] [       Worker-8] c.o.i.AdaptiveInventoryGuardService      : AdaptiveGuard [HIGH CONTENTION]: Serializing inventory attempt for Product #1
2026-09-22T14:45:44.573+05:30  INFO 22448 --- [concurrent-order-engine] [       Worker-2] c.o.service.OrderProcessingService       : [Worker-2] Worker processing Order #52
2026-09-22T14:45:44.575+05:30  INFO 22448 --- [concurrent-order-engine] [       Worker-7] c.o.service.OrderProcessingService       : [Worker-7] Worker processing Order #49
2026-09-22T14:45:44.576+05:30  INFO 22448 --- [concurrent-order-engine] [       Worker-8] c.o.service.OrderProcessingService       : [Worker-8] Stock unavailable for Order #42. Marked OUT_OF_STOCK
2026-09-22T14:45:44.576+05:30  INFO 22448 --- [concurrent-order-engine] [       Worker-4] c.o.i.AdaptiveInventoryGuardService      : AdaptiveGuard [HIGH CONTENTION]: Serializing inventory attempt for Product #1
2026-09-22T14:45:44.583+05:30  INFO 22448 --- [concurrent-order-engine] [       Worker-8] c.o.service.OrderProcessingService       : [Worker-8] Worker processing Order #53
2026-09-22T14:45:44.584+05:30  INFO 22448 --- [concurrent-order-engine] [       Worker-5] c.o.service.OrderProcessingService       : [Worker-5] Worker processing Order #54
2026-09-22T14:45:44.585+05:30  INFO 22448 --- [concurrent-order-engine] [       Worker-4] c.o.service.OrderProcessingService       : [Worker-4] Stock unavailable for Order #43. Marked OUT_OF_STOCK
2026-09-22T14:45:44.586+05:30  INFO 22448 --- [concurrent-order-engine] [       Worker-1] c.o.i.AdaptiveInventoryGuardService      : AdaptiveGuard [HIGH CONTENTION]: Serializing inventory attempt for Product #1
2026-09-22T14:45:44.590+05:30  INFO 22448 --- [concurrent-order-engine] [       Worker-1] c.o.service.OrderProcessingService       : [Worker-1] Stock unavailable for Order #44. Marked OUT_OF_STOCK
2026-09-22T14:45:44.590+05:30  INFO 22448 --- [concurrent-order-engine] [       Worker-3] c.o.i.AdaptiveInventoryGuardService      : AdaptiveGuard [HIGH CONTENTION]: Serializing inventory attempt for Product #1
2026-09-22T14:45:44.594+05:30  INFO 22448 --- [concurrent-order-engine] [       Worker-3] c.o.service.OrderProcessingService       : [Worker-3] Stock unavailable for Order #40. Marked OUT_OF_STOCK
2026-09-22T14:45:44.594+05:30  INFO 22448 --- [concurrent-order-engine] [       Worker-6] c.o.i.AdaptiveInventoryGuardService      : AdaptiveGuard [HIGH CONTENTION]: Serializing inventory attempt for Product #1
2026-09-22T14:45:44.594+05:30  INFO 22448 --- [concurrent-order-engine] [       Worker-4] c.o.service.OrderProcessingService       : [Worker-4] Worker processing Order #55
2026-09-22T14:45:44.597+05:30  INFO 22448 --- [concurrent-order-engine] [       Worker-6] c.o.service.OrderProcessingService       : [Worker-6] Stock unavailable for Order #46. Marked OUT_OF_STOCK
2026-09-22T14:45:44.597+05:30  INFO 22448 --- [concurrent-order-engine] [      Worker-10] c.o.i.AdaptiveInventoryGuardService      : AdaptiveGuard [HIGH CONTENTION]: Serializing inventory attempt for Product #1
2026-09-22T14:45:44.597+05:30  INFO 22448 --- [concurrent-order-engine] [       Worker-1] c.o.service.OrderProcessingService       : [Worker-1] Worker processing Order #56
2026-09-22T14:45:44.601+05:30  INFO 22448 --- [concurrent-order-engine] [      Worker-10] c.o.service.OrderProcessingService       : [Worker-10] Stock unavailable for Order #51. Marked OUT_OF_STOCK
2026-09-22T14:45:44.601+05:30  INFO 22448 --- [concurrent-order-engine] [       Worker-9] c.o.i.AdaptiveInventoryGuardService      : AdaptiveGuard [HIGH CONTENTION]: Serializing inventory attempt for Product #1
2026-09-22T14:45:44.601+05:30  INFO 22448 --- [concurrent-order-engine] [       Worker-3] c.o.service.OrderProcessingService       : [Worker-3] Worker processing Order #50
2026-09-22T14:45:44.603+05:30  INFO 22448 --- [concurrent-order-engine] [       Worker-6] c.o.service.OrderProcessingService       : [Worker-6] Worker processing Order #57
2026-09-22T14:45:44.603+05:30  INFO 22448 --- [concurrent-order-engine] [       Worker-9] c.o.service.OrderProcessingService       : [Worker-9] Stock unavailable for Order #48. Marked OUT_OF_STOCK
2026-09-22T14:45:44.603+05:30  INFO 22448 --- [concurrent-order-engine] [       Worker-4] c.o.i.AdaptiveInventoryGuardService      : AdaptiveGuard [HIGH CONTENTION]: Serializing inventory attempt for Product #1
2026-09-22T14:45:44.606+05:30  INFO 22448 --- [concurrent-order-engine] [       Worker-4] c.o.service.OrderProcessingService       : [Worker-4] Stock unavailable for Order #55. Marked OUT_OF_STOCK
2026-09-22T14:45:44.606+05:30  INFO 22448 --- [concurrent-order-engine] [      Worker-10] c.o.service.OrderProcessingService       : [Worker-10] Worker processing Order #60
2026-09-22T14:45:44.607+05:30  INFO 22448 --- [concurrent-order-engine] [       Worker-7] c.o.i.AdaptiveInventoryGuardService      : AdaptiveGuard [HIGH CONTENTION]: Serializing inventory attempt for Product #1
2026-09-22T14:45:44.609+05:30  INFO 22448 --- [concurrent-order-engine] [       Worker-7] c.o.service.OrderProcessingService       : [Worker-7] Stock unavailable for Order #49. Marked OUT_OF_STOCK
2026-09-22T14:45:44.610+05:30  INFO 22448 --- [concurrent-order-engine] [       Worker-2] c.o.i.AdaptiveInventoryGuardService      : AdaptiveGuard [HIGH CONTENTION]: Serializing inventory attempt for Product #1
2026-09-22T14:45:44.611+05:30  INFO 22448 --- [concurrent-order-engine] [       Worker-4] c.o.service.OrderProcessingService       : [Worker-4] Worker processing Order #61
2026-09-22T14:45:44.611+05:30  INFO 22448 --- [concurrent-order-engine] [       Worker-9] c.o.service.OrderProcessingService       : [Worker-9] Worker processing Order #58
2026-09-22T14:45:44.613+05:30  INFO 22448 --- [concurrent-order-engine] [       Worker-2] c.o.service.OrderProcessingService       : [Worker-2] Stock unavailable for Order #52. Marked OUT_OF_STOCK
2026-09-22T14:45:44.613+05:30  INFO 22448 --- [concurrent-order-engine] [       Worker-6] c.o.i.AdaptiveInventoryGuardService      : AdaptiveGuard [HIGH CONTENTION]: Serializing inventory attempt for Product #1
2026-09-22T14:45:44.615+05:30  INFO 22448 --- [concurrent-order-engine] [       Worker-7] c.o.service.OrderProcessingService       : [Worker-7] Worker processing Order #59
2026-09-22T14:45:44.616+05:30  INFO 22448 --- [concurrent-order-engine] [       Worker-6] c.o.service.OrderProcessingService       : [Worker-6] Stock unavailable for Order #57. Marked OUT_OF_STOCK
2026-09-22T14:45:44.616+05:30  INFO 22448 --- [concurrent-order-engine] [       Worker-8] c.o.i.AdaptiveInventoryGuardService      : AdaptiveGuard [HIGH CONTENTION]: Serializing inventory attempt for Product #1
2026-09-22T14:45:44.617+05:30  INFO 22448 --- [concurrent-order-engine] [       Worker-2] c.o.service.OrderProcessingService       : [Worker-2] Worker processing Order #62
2026-09-22T14:45:44.619+05:30  INFO 22448 --- [concurrent-order-engine] [       Worker-8] c.o.service.OrderProcessingService       : [Worker-8] Stock unavailable for Order #53. Marked OUT_OF_STOCK
2026-09-22T14:45:44.619+05:30  INFO 22448 --- [concurrent-order-engine] [       Worker-5] c.o.i.AdaptiveInventoryGuardService      : AdaptiveGuard [HIGH CONTENTION]: Serializing inventory attempt for Product #1
2026-09-22T14:45:44.623+05:30  INFO 22448 --- [concurrent-order-engine] [       Worker-5] c.o.service.OrderProcessingService       : [Worker-5] Stock unavailable for Order #54. Marked OUT_OF_STOCK
2026-09-22T14:45:44.623+05:30  INFO 22448 --- [concurrent-order-engine] [       Worker-6] c.o.service.OrderProcessingService       : [Worker-6] Worker processing Order #63
2026-09-22T14:45:44.623+05:30  INFO 22448 --- [concurrent-order-engine] [       Worker-1] c.o.i.AdaptiveInventoryGuardService      : AdaptiveGuard [HIGH CONTENTION]: Serializing inventory attempt for Product #1
2026-09-22T14:45:44.625+05:30  INFO 22448 --- [concurrent-order-engine] [       Worker-8] c.o.service.OrderProcessingService       : [Worker-8] Worker processing Order #64
2026-09-22T14:45:44.627+05:30  INFO 22448 --- [concurrent-order-engine] [       Worker-1] c.o.service.OrderProcessingService       : [Worker-1] Stock unavailable for Order #56. Marked OUT_OF_STOCK
2026-09-22T14:45:44.627+05:30  INFO 22448 --- [concurrent-order-engine] [       Worker-3] c.o.i.AdaptiveInventoryGuardService      : AdaptiveGuard [HIGH CONTENTION]: Serializing inventory attempt for Product #1
2026-09-22T14:45:44.629+05:30  INFO 22448 --- [concurrent-order-engine] [       Worker-5] c.o.service.OrderProcessingService       : [Worker-5] Worker processing Order #65
2026-09-22T14:45:44.630+05:30  INFO 22448 --- [concurrent-order-engine] [       Worker-3] c.o.service.OrderProcessingService       : [Worker-3] Stock unavailable for Order #50. Marked OUT_OF_STOCK
2026-09-22T14:45:44.630+05:30  INFO 22448 --- [concurrent-order-engine] [      Worker-10] c.o.i.AdaptiveInventoryGuardService      : AdaptiveGuard [HIGH CONTENTION]: Serializing inventory attempt for Product #1
2026-09-22T14:45:44.632+05:30  INFO 22448 --- [concurrent-order-engine] [       Worker-1] c.o.service.OrderProcessingService       : [Worker-1] Worker processing Order #66
2026-09-22T14:45:44.634+05:30  INFO 22448 --- [concurrent-order-engine] [       Worker-8] c.o.i.AdaptiveInventoryGuardService      : AdaptiveGuard [HIGH CONTENTION]: Serializing inventory attempt for Product #1
2026-09-22T14:45:44.634+05:30  INFO 22448 --- [concurrent-order-engine] [      Worker-10] c.o.service.OrderProcessingService       : [Worker-10] Stock unavailable for Order #60. Marked OUT_OF_STOCK
2026-09-22T14:45:44.637+05:30  INFO 22448 --- [concurrent-order-engine] [       Worker-3] c.o.service.OrderProcessingService       : [Worker-3] Worker processing Order #67
2026-09-22T14:45:44.637+05:30  INFO 22448 --- [concurrent-order-engine] [       Worker-8] c.o.service.OrderProcessingService       : [Worker-8] Stock unavailable for Order #64. Marked OUT_OF_STOCK
2026-09-22T14:45:44.637+05:30  INFO 22448 --- [concurrent-order-engine] [       Worker-4] c.o.i.AdaptiveInventoryGuardService      : AdaptiveGuard [HIGH CONTENTION]: Serializing inventory attempt for Product #1
2026-09-22T14:45:44.640+05:30  INFO 22448 --- [concurrent-order-engine] [      Worker-10] c.o.service.OrderProcessingService       : [Worker-10] Worker processing Order #47
2026-09-22T14:45:44.641+05:30  INFO 22448 --- [concurrent-order-engine] [       Worker-4] c.o.service.OrderProcessingService       : [Worker-4] Stock unavailable for Order #61. Marked OUT_OF_STOCK
2026-09-22T14:45:44.641+05:30  INFO 22448 --- [concurrent-order-engine] [       Worker-9] c.o.i.AdaptiveInventoryGuardService      : AdaptiveGuard [HIGH CONTENTION]: Serializing inventory attempt for Product #1
2026-09-22T14:45:44.644+05:30  INFO 22448 --- [concurrent-order-engine] [       Worker-8] c.o.service.OrderProcessingService       : [Worker-8] Worker processing Order #68
2026-09-22T14:45:44.644+05:30  INFO 22448 --- [concurrent-order-engine] [       Worker-9] c.o.service.OrderProcessingService       : [Worker-9] Stock unavailable for Order #58. Marked OUT_OF_STOCK
2026-09-22T14:45:44.644+05:30  INFO 22448 --- [concurrent-order-engine] [       Worker-7] c.o.i.AdaptiveInventoryGuardService      : AdaptiveGuard [HIGH CONTENTION]: Serializing inventory attempt for Product #1
2026-09-22T14:45:44.648+05:30  INFO 22448 --- [concurrent-order-engine] [       Worker-2] c.o.i.AdaptiveInventoryGuardService      : AdaptiveGuard [HIGH CONTENTION]: Serializing inventory attempt for Product #1
2026-09-22T14:45:44.648+05:30  INFO 22448 --- [concurrent-order-engine] [       Worker-7] c.o.service.OrderProcessingService       : [Worker-7] Stock unavailable for Order #59. Marked OUT_OF_STOCK
2026-09-22T14:45:44.651+05:30  INFO 22448 --- [concurrent-order-engine] [       Worker-4] c.o.service.OrderProcessingService       : [Worker-4] Worker processing Order #70
2026-09-22T14:45:44.651+05:30  INFO 22448 --- [concurrent-order-engine] [       Worker-9] c.o.service.OrderProcessingService       : [Worker-9] Worker processing Order #69
2026-09-22T14:45:44.651+05:30  INFO 22448 --- [concurrent-order-engine] [      Worker-10] c.o.i.AdaptiveInventoryGuardService      : AdaptiveGuard [HIGH CONTENTION]: Serializing inventory attempt for Product #1
2026-09-22T14:45:44.651+05:30  INFO 22448 --- [concurrent-order-engine] [       Worker-2] c.o.service.OrderProcessingService       : [Worker-2] Stock unavailable for Order #62. Marked OUT_OF_STOCK
2026-09-22T14:45:44.655+05:30  INFO 22448 --- [concurrent-order-engine] [      Worker-10] c.o.service.OrderProcessingService       : [Worker-10] Stock unavailable for Order #47. Marked OUT_OF_STOCK
2026-09-22T14:45:44.655+05:30  INFO 22448 --- [concurrent-order-engine] [       Worker-6] c.o.i.AdaptiveInventoryGuardService      : AdaptiveGuard [HIGH CONTENTION]: Serializing inventory attempt for Product #1
2026-09-22T14:45:44.658+05:30  INFO 22448 --- [concurrent-order-engine] [       Worker-5] c.o.i.AdaptiveInventoryGuardService      : AdaptiveGuard [HIGH CONTENTION]: Serializing inventory attempt for Product #1
2026-09-22T14:45:44.658+05:30  INFO 22448 --- [concurrent-order-engine] [       Worker-2] c.o.service.OrderProcessingService       : [Worker-2] Worker processing Order #72
2026-09-22T14:45:44.658+05:30  INFO 22448 --- [concurrent-order-engine] [       Worker-6] c.o.service.OrderProcessingService       : [Worker-6] Stock unavailable for Order #63. Marked OUT_OF_STOCK
2026-09-22T14:45:44.661+05:30  INFO 22448 --- [concurrent-order-engine] [      Worker-10] c.o.service.OrderProcessingService       : [Worker-10] Worker processing Order #71
2026-09-22T14:45:44.661+05:30  INFO 22448 --- [concurrent-order-engine] [       Worker-5] c.o.service.OrderProcessingService       : [Worker-5] Stock unavailable for Order #65. Marked OUT_OF_STOCK
2026-09-22T14:45:44.661+05:30  INFO 22448 --- [concurrent-order-engine] [       Worker-1] c.o.i.AdaptiveInventoryGuardService      : AdaptiveGuard [HIGH CONTENTION]: Serializing inventory attempt for Product #1
2026-09-22T14:45:44.662+05:30  INFO 22448 --- [concurrent-order-engine] [       Worker-7] c.o.service.OrderProcessingService       : [Worker-7] Worker processing Order #73
2026-09-22T14:45:44.663+05:30  INFO 22448 --- [concurrent-order-engine] [       Worker-6] c.o.service.OrderProcessingService       : [Worker-6] Worker processing Order #74
2026-09-22T14:45:44.664+05:30  INFO 22448 --- [concurrent-order-engine] [       Worker-3] c.o.i.AdaptiveInventoryGuardService      : AdaptiveGuard [HIGH CONTENTION]: Serializing inventory attempt for Product #1
2026-09-22T14:45:44.664+05:30  INFO 22448 --- [concurrent-order-engine] [       Worker-1] c.o.service.OrderProcessingService       : [Worker-1] Stock unavailable for Order #66. Marked OUT_OF_STOCK
2026-09-22T14:45:44.666+05:30  INFO 22448 --- [concurrent-order-engine] [       Worker-5] c.o.service.OrderProcessingService       : [Worker-5] Worker processing Order #75
2026-09-22T14:45:44.667+05:30  INFO 22448 --- [concurrent-order-engine] [       Worker-3] c.o.service.OrderProcessingService       : [Worker-3] Stock unavailable for Order #67. Marked OUT_OF_STOCK
2026-09-22T14:45:44.667+05:30  INFO 22448 --- [concurrent-order-engine] [       Worker-8] c.o.i.AdaptiveInventoryGuardService      : AdaptiveGuard [HIGH CONTENTION]: Serializing inventory attempt for Product #1
2026-09-22T14:45:44.669+05:30  INFO 22448 --- [concurrent-order-engine] [       Worker-1] c.o.service.OrderProcessingService       : [Worker-1] Worker processing Order #76
2026-09-22T14:45:44.670+05:30  INFO 22448 --- [concurrent-order-engine] [       Worker-9] c.o.i.AdaptiveInventoryGuardService      : AdaptiveGuard [HIGH CONTENTION]: Serializing inventory attempt for Product #1
2026-09-22T14:45:44.670+05:30  INFO 22448 --- [concurrent-order-engine] [       Worker-8] c.o.service.OrderProcessingService       : [Worker-8] Stock unavailable for Order #68. Marked OUT_OF_STOCK
2026-09-22T14:45:44.673+05:30  INFO 22448 --- [concurrent-order-engine] [       Worker-3] c.o.service.OrderProcessingService       : [Worker-3] Worker processing Order #77
2026-09-22T14:45:44.674+05:30  INFO 22448 --- [concurrent-order-engine] [       Worker-9] c.o.service.OrderProcessingService       : [Worker-9] Stock unavailable for Order #69. Marked OUT_OF_STOCK
2026-09-22T14:45:44.674+05:30  INFO 22448 --- [concurrent-order-engine] [       Worker-4] c.o.i.AdaptiveInventoryGuardService      : AdaptiveGuard [HIGH CONTENTION]: Serializing inventory attempt for Product #1
2026-09-22T14:45:44.676+05:30  INFO 22448 --- [concurrent-order-engine] [       Worker-8] c.o.service.OrderProcessingService       : [Worker-8] Worker processing Order #78
2026-09-22T14:45:44.677+05:30  INFO 22448 --- [concurrent-order-engine] [       Worker-4] c.o.service.OrderProcessingService       : [Worker-4] Stock unavailable for Order #70. Marked OUT_OF_STOCK
2026-09-22T14:45:44.678+05:30  INFO 22448 --- [concurrent-order-engine] [       Worker-2] c.o.i.AdaptiveInventoryGuardService      : AdaptiveGuard [HIGH CONTENTION]: Serializing inventory attempt for Product #1
2026-09-22T14:45:44.680+05:30  INFO 22448 --- [concurrent-order-engine] [       Worker-9] c.o.service.OrderProcessingService       : [Worker-9] Worker processing Order #79
2026-09-22T14:45:44.682+05:30  INFO 22448 --- [concurrent-order-engine] [       Worker-2] c.o.service.OrderProcessingService       : [Worker-2] Stock unavailable for Order #72. Marked OUT_OF_STOCK
2026-09-22T14:45:44.682+05:30  INFO 22448 --- [concurrent-order-engine] [       Worker-7] c.o.i.AdaptiveInventoryGuardService      : AdaptiveGuard [HIGH CONTENTION]: Serializing inventory attempt for Product #1
2026-09-22T14:45:44.684+05:30  INFO 22448 --- [concurrent-order-engine] [       Worker-4] c.o.service.OrderProcessingService       : [Worker-4] Worker processing Order #80
2026-09-22T14:45:44.685+05:30  INFO 22448 --- [concurrent-order-engine] [       Worker-6] c.o.i.AdaptiveInventoryGuardService      : AdaptiveGuard [HIGH CONTENTION]: Serializing inventory attempt for Product #1
2026-09-22T14:45:44.685+05:30  INFO 22448 --- [concurrent-order-engine] [       Worker-7] c.o.service.OrderProcessingService       : [Worker-7] Stock unavailable for Order #73. Marked OUT_OF_STOCK
2026-09-22T14:45:44.687+05:30  INFO 22448 --- [concurrent-order-engine] [       Worker-2] c.o.service.OrderProcessingService       : [Worker-2] Worker processing Order #83
2026-09-22T14:45:44.690+05:30  INFO 22448 --- [concurrent-order-engine] [      Worker-10] c.o.i.AdaptiveInventoryGuardService      : AdaptiveGuard [HIGH CONTENTION]: Serializing inventory attempt for Product #1
2026-09-22T14:45:44.690+05:30  INFO 22448 --- [concurrent-order-engine] [       Worker-6] c.o.service.OrderProcessingService       : [Worker-6] Stock unavailable for Order #74. Marked OUT_OF_STOCK
2026-09-22T14:45:44.692+05:30  INFO 22448 --- [concurrent-order-engine] [       Worker-7] c.o.service.OrderProcessingService       : [Worker-7] Worker processing Order #82
2026-09-22T14:45:44.693+05:30  INFO 22448 --- [concurrent-order-engine] [      Worker-10] c.o.service.OrderProcessingService       : [Worker-10] Stock unavailable for Order #71. Marked OUT_OF_STOCK
2026-09-22T14:45:44.693+05:30  INFO 22448 --- [concurrent-order-engine] [       Worker-5] c.o.i.AdaptiveInventoryGuardService      : AdaptiveGuard [HIGH CONTENTION]: Serializing inventory attempt for Product #1
2026-09-22T14:45:44.697+05:30  INFO 22448 --- [concurrent-order-engine] [       Worker-6] c.o.service.OrderProcessingService       : [Worker-6] Worker processing Order #84
2026-09-22T14:45:44.697+05:30  INFO 22448 --- [concurrent-order-engine] [       Worker-3] c.o.i.AdaptiveInventoryGuardService      : AdaptiveGuard [HIGH CONTENTION]: Serializing inventory attempt for Product #1
2026-09-22T14:45:44.697+05:30  INFO 22448 --- [concurrent-order-engine] [       Worker-5] c.o.service.OrderProcessingService       : [Worker-5] Stock unavailable for Order #75. Marked OUT_OF_STOCK
2026-09-22T14:45:44.699+05:30  INFO 22448 --- [concurrent-order-engine] [      Worker-10] c.o.service.OrderProcessingService       : [Worker-10] Worker processing Order #85
2026-09-22T14:45:44.701+05:30  INFO 22448 --- [concurrent-order-engine] [       Worker-3] c.o.service.OrderProcessingService       : [Worker-3] Stock unavailable for Order #77. Marked OUT_OF_STOCK
2026-09-22T14:45:44.701+05:30  INFO 22448 --- [concurrent-order-engine] [       Worker-1] c.o.i.AdaptiveInventoryGuardService      : AdaptiveGuard [HIGH CONTENTION]: Serializing inventory attempt for Product #1
2026-09-22T14:45:44.704+05:30  INFO 22448 --- [concurrent-order-engine] [       Worker-1] c.o.service.OrderProcessingService       : [Worker-1] Stock unavailable for Order #76. Marked OUT_OF_STOCK
2026-09-22T14:45:44.704+05:30  INFO 22448 --- [concurrent-order-engine] [       Worker-8] c.o.i.AdaptiveInventoryGuardService      : AdaptiveGuard [HIGH CONTENTION]: Serializing inventory attempt for Product #1
2026-09-22T14:45:44.704+05:30  INFO 22448 --- [concurrent-order-engine] [       Worker-5] c.o.service.OrderProcessingService       : [Worker-5] Worker processing Order #86
2026-09-22T14:45:44.707+05:30  INFO 22448 --- [concurrent-order-engine] [       Worker-3] c.o.service.OrderProcessingService       : [Worker-3] Worker processing Order #81
2026-09-22T14:45:44.708+05:30  INFO 22448 --- [concurrent-order-engine] [       Worker-8] c.o.service.OrderProcessingService       : [Worker-8] Stock unavailable for Order #78. Marked OUT_OF_STOCK
2026-09-22T14:45:44.708+05:30  INFO 22448 --- [concurrent-order-engine] [       Worker-9] c.o.i.AdaptiveInventoryGuardService      : AdaptiveGuard [HIGH CONTENTION]: Serializing inventory attempt for Product #1
2026-09-22T14:45:44.710+05:30  INFO 22448 --- [concurrent-order-engine] [       Worker-1] c.o.service.OrderProcessingService       : [Worker-1] Worker processing Order #87
2026-09-22T14:45:44.711+05:30  INFO 22448 --- [concurrent-order-engine] [       Worker-4] c.o.i.AdaptiveInventoryGuardService      : AdaptiveGuard [HIGH CONTENTION]: Serializing inventory attempt for Product #1
2026-09-22T14:45:44.711+05:30  INFO 22448 --- [concurrent-order-engine] [       Worker-9] c.o.service.OrderProcessingService       : [Worker-9] Stock unavailable for Order #79. Marked OUT_OF_STOCK
2026-09-22T14:45:44.713+05:30  INFO 22448 --- [concurrent-order-engine] [       Worker-8] c.o.service.OrderProcessingService       : [Worker-8] Worker processing Order #88
2026-09-22T14:45:44.714+05:30  INFO 22448 --- [concurrent-order-engine] [       Worker-4] c.o.service.OrderProcessingService       : [Worker-4] Stock unavailable for Order #80. Marked OUT_OF_STOCK
2026-09-22T14:45:44.714+05:30  INFO 22448 --- [concurrent-order-engine] [       Worker-7] c.o.i.AdaptiveInventoryGuardService      : AdaptiveGuard [HIGH CONTENTION]: Serializing inventory attempt for Product #1
2026-09-22T14:45:44.717+05:30  INFO 22448 --- [concurrent-order-engine] [       Worker-9] c.o.service.OrderProcessingService       : [Worker-9] Worker processing Order #91
2026-09-22T14:45:44.719+05:30  INFO 22448 --- [concurrent-order-engine] [       Worker-2] c.o.i.AdaptiveInventoryGuardService      : AdaptiveGuard [HIGH CONTENTION]: Serializing inventory attempt for Product #1
2026-09-22T14:45:44.719+05:30  INFO 22448 --- [concurrent-order-engine] [       Worker-7] c.o.service.OrderProcessingService       : [Worker-7] Stock unavailable for Order #82. Marked OUT_OF_STOCK
2026-09-22T14:45:44.721+05:30  INFO 22448 --- [concurrent-order-engine] [       Worker-4] c.o.service.OrderProcessingService       : [Worker-4] Worker processing Order #89
2026-09-22T14:45:44.722+05:30  INFO 22448 --- [concurrent-order-engine] [       Worker-2] c.o.service.OrderProcessingService       : [Worker-2] Stock unavailable for Order #83. Marked OUT_OF_STOCK
2026-09-22T14:45:44.723+05:30  INFO 22448 --- [concurrent-order-engine] [       Worker-6] c.o.i.AdaptiveInventoryGuardService      : AdaptiveGuard [HIGH CONTENTION]: Serializing inventory attempt for Product #1
2026-09-22T14:45:44.726+05:30  INFO 22448 --- [concurrent-order-engine] [       Worker-7] c.o.service.OrderProcessingService       : [Worker-7] Worker processing Order #90
2026-09-22T14:45:44.728+05:30  INFO 22448 --- [concurrent-order-engine] [       Worker-2] c.o.service.OrderProcessingService       : [Worker-2] Worker processing Order #45
2026-09-22T14:45:44.728+05:30  INFO 22448 --- [concurrent-order-engine] [       Worker-6] c.o.service.OrderProcessingService       : [Worker-6] Stock unavailable for Order #84. Marked OUT_OF_STOCK
2026-09-22T14:45:44.728+05:30  INFO 22448 --- [concurrent-order-engine] [      Worker-10] c.o.i.AdaptiveInventoryGuardService      : AdaptiveGuard [HIGH CONTENTION]: Serializing inventory attempt for Product #1
2026-09-22T14:45:44.734+05:30  INFO 22448 --- [concurrent-order-engine] [       Worker-5] c.o.i.AdaptiveInventoryGuardService      : AdaptiveGuard [HIGH CONTENTION]: Serializing inventory attempt for Product #1
2026-09-22T14:45:44.734+05:30  INFO 22448 --- [concurrent-order-engine] [      Worker-10] c.o.service.OrderProcessingService       : [Worker-10] Stock unavailable for Order #85. Marked OUT_OF_STOCK
2026-09-22T14:45:44.735+05:30  INFO 22448 --- [concurrent-order-engine] [       Worker-6] c.o.service.OrderProcessingService       : [Worker-6] Worker processing Order #92
2026-09-22T14:45:44.738+05:30  INFO 22448 --- [concurrent-order-engine] [       Worker-3] c.o.i.AdaptiveInventoryGuardService      : AdaptiveGuard [HIGH CONTENTION]: Serializing inventory attempt for Product #1
2026-09-22T14:45:44.738+05:30  INFO 22448 --- [concurrent-order-engine] [       Worker-5] c.o.service.OrderProcessingService       : [Worker-5] Stock unavailable for Order #86. Marked OUT_OF_STOCK
2026-09-22T14:45:44.741+05:30  INFO 22448 --- [concurrent-order-engine] [      Worker-10] c.o.service.OrderProcessingService       : [Worker-10] Worker processing Order #94
2026-09-22T14:45:44.741+05:30  INFO 22448 --- [concurrent-order-engine] [       Worker-3] c.o.service.OrderProcessingService       : [Worker-3] Stock unavailable for Order #81. Marked OUT_OF_STOCK
2026-09-22T14:45:44.741+05:30  INFO 22448 --- [concurrent-order-engine] [       Worker-1] c.o.i.AdaptiveInventoryGuardService      : AdaptiveGuard [HIGH CONTENTION]: Serializing inventory attempt for Product #1
2026-09-22T14:45:44.745+05:30  INFO 22448 --- [concurrent-order-engine] [       Worker-5] c.o.service.OrderProcessingService       : [Worker-5] Worker processing Order #93
2026-09-22T14:45:44.745+05:30  INFO 22448 --- [concurrent-order-engine] [       Worker-1] c.o.service.OrderProcessingService       : [Worker-1] Stock unavailable for Order #87. Marked OUT_OF_STOCK
2026-09-22T14:45:44.746+05:30  INFO 22448 --- [concurrent-order-engine] [       Worker-8] c.o.i.AdaptiveInventoryGuardService      : AdaptiveGuard [HIGH CONTENTION]: Serializing inventory attempt for Product #1
2026-09-22T14:45:44.749+05:30  INFO 22448 --- [concurrent-order-engine] [       Worker-3] c.o.service.OrderProcessingService       : [Worker-3] Worker processing Order #96
2026-09-22T14:45:44.749+05:30  INFO 22448 --- [concurrent-order-engine] [       Worker-8] c.o.service.OrderProcessingService       : [Worker-8] Stock unavailable for Order #88. Marked OUT_OF_STOCK
2026-09-22T14:45:44.749+05:30  INFO 22448 --- [concurrent-order-engine] [       Worker-9] c.o.i.AdaptiveInventoryGuardService      : AdaptiveGuard [HIGH CONTENTION]: Serializing inventory attempt for Product #1
2026-09-22T14:45:44.752+05:30  INFO 22448 --- [concurrent-order-engine] [       Worker-1] c.o.service.OrderProcessingService       : [Worker-1] Worker processing Order #95
2026-09-22T14:45:44.752+05:30  INFO 22448 --- [concurrent-order-engine] [       Worker-9] c.o.service.OrderProcessingService       : [Worker-9] Stock unavailable for Order #91. Marked OUT_OF_STOCK
2026-09-22T14:45:44.752+05:30  INFO 22448 --- [concurrent-order-engine] [       Worker-4] c.o.i.AdaptiveInventoryGuardService      : AdaptiveGuard [HIGH CONTENTION]: Serializing inventory attempt for Product #1
2026-09-22T14:45:44.755+05:30  INFO 22448 --- [concurrent-order-engine] [       Worker-8] c.o.service.OrderProcessingService       : [Worker-8] Worker processing Order #97
2026-09-22T14:45:44.756+05:30  INFO 22448 --- [concurrent-order-engine] [       Worker-7] c.o.i.AdaptiveInventoryGuardService      : AdaptiveGuard [HIGH CONTENTION]: Serializing inventory attempt for Product #1
2026-09-22T14:45:44.756+05:30  INFO 22448 --- [concurrent-order-engine] [       Worker-4] c.o.service.OrderProcessingService       : [Worker-4] Stock unavailable for Order #89. Marked OUT_OF_STOCK
2026-09-22T14:45:44.758+05:30  INFO 22448 --- [concurrent-order-engine] [       Worker-9] c.o.service.OrderProcessingService       : [Worker-9] Worker processing Order #98
2026-09-22T14:45:44.759+05:30  INFO 22448 --- [concurrent-order-engine] [       Worker-7] c.o.service.OrderProcessingService       : [Worker-7] Stock unavailable for Order #90. Marked OUT_OF_STOCK
2026-09-22T14:45:44.759+05:30  INFO 22448 --- [concurrent-order-engine] [       Worker-2] c.o.i.AdaptiveInventoryGuardService      : AdaptiveGuard [HIGH CONTENTION]: Serializing inventory attempt for Product #1
2026-09-22T14:45:44.762+05:30  INFO 22448 --- [concurrent-order-engine] [       Worker-4] c.o.service.OrderProcessingService       : [Worker-4] Worker processing Order #99
2026-09-22T14:45:44.763+05:30  INFO 22448 --- [concurrent-order-engine] [       Worker-6] c.o.i.AdaptiveInventoryGuardService      : AdaptiveGuard [HIGH CONTENTION]: Serializing inventory attempt for Product #1
2026-09-22T14:45:44.766+05:30  INFO 22448 --- [concurrent-order-engine] [       Worker-2] c.o.service.OrderProcessingService       : [Worker-2] Stock unavailable for Order #45. Marked OUT_OF_STOCK
2026-09-22T14:45:44.766+05:30  INFO 22448 --- [concurrent-order-engine] [       Worker-6] c.o.service.OrderProcessingService       : [Worker-6] Stock unavailable for Order #92. Marked OUT_OF_STOCK
2026-09-22T14:45:44.767+05:30  INFO 22448 --- [concurrent-order-engine] [      Worker-10] c.o.i.AdaptiveInventoryGuardService      : AdaptiveGuard [HIGH CONTENTION]: Serializing inventory attempt for Product #1
2026-09-22T14:45:44.768+05:30  INFO 22448 --- [concurrent-order-engine] [       Worker-7] c.o.service.OrderProcessingService       : [Worker-7] Worker processing Order #100
2026-09-22T14:45:44.769+05:30  INFO 22448 --- [concurrent-order-engine] [       Worker-5] c.o.i.AdaptiveInventoryGuardService      : AdaptiveGuard [HIGH CONTENTION]: Serializing inventory attempt for Product #1
2026-09-22T14:45:44.769+05:30  INFO 22448 --- [concurrent-order-engine] [      Worker-10] c.o.service.OrderProcessingService       : [Worker-10] Stock unavailable for Order #94. Marked OUT_OF_STOCK
2026-09-22T14:45:44.775+05:30  INFO 22448 --- [concurrent-order-engine] [       Worker-5] c.o.service.OrderProcessingService       : [Worker-5] Stock unavailable for Order #93. Marked OUT_OF_STOCK
2026-09-22T14:45:44.775+05:30  INFO 22448 --- [concurrent-order-engine] [       Worker-3] c.o.i.AdaptiveInventoryGuardService      : AdaptiveGuard [HIGH CONTENTION]: Serializing inventory attempt for Product #1
2026-09-22T14:45:44.783+05:30  INFO 22448 --- [concurrent-order-engine] [       Worker-8] c.o.i.AdaptiveInventoryGuardService      : AdaptiveGuard [HIGH CONTENTION]: Serializing inventory attempt for Product #1
2026-09-22T14:45:44.782+05:30  INFO 22448 --- [concurrent-order-engine] [       Worker-3] c.o.service.OrderProcessingService       : [Worker-3] Stock unavailable for Order #96. Marked OUT_OF_STOCK
2026-09-22T14:45:44.786+05:30  INFO 22448 --- [concurrent-order-engine] [       Worker-1] c.o.i.AdaptiveInventoryGuardService      : AdaptiveGuard [HIGH CONTENTION]: Serializing inventory attempt for Product #1
2026-09-22T14:45:44.786+05:30  INFO 22448 --- [concurrent-order-engine] [       Worker-8] c.o.service.OrderProcessingService       : [Worker-8] Stock unavailable for Order #97. Marked OUT_OF_STOCK
2026-09-22T14:45:44.791+05:30  INFO 22448 --- [concurrent-order-engine] [       Worker-1] c.o.service.OrderProcessingService       : [Worker-1] Stock unavailable for Order #95. Marked OUT_OF_STOCK
2026-09-22T14:45:44.791+05:30  INFO 22448 --- [concurrent-order-engine] [       Worker-9] c.o.i.AdaptiveInventoryGuardService      : AdaptiveGuard [HIGH CONTENTION]: Serializing inventory attempt for Product #1
2026-09-22T14:45:44.797+05:30  INFO 22448 --- [concurrent-order-engine] [       Worker-9] c.o.service.OrderProcessingService       : [Worker-9] Stock unavailable for Order #98. Marked OUT_OF_STOCK
2026-09-22T14:45:44.798+05:30  INFO 22448 --- [concurrent-order-engine] [       Worker-4] c.o.i.AdaptiveInventoryGuardService      : AdaptiveGuard [HIGH CONTENTION]: Serializing inventory attempt for Product #1
2026-09-22T14:45:44.802+05:30  INFO 22448 --- [concurrent-order-engine] [       Worker-4] c.o.service.OrderProcessingService       : [Worker-4] Stock unavailable for Order #99. Marked OUT_OF_STOCK
2026-09-22T14:45:44.802+05:30  INFO 22448 --- [concurrent-order-engine] [       Worker-7] c.o.i.AdaptiveInventoryGuardService      : AdaptiveGuard [HIGH CONTENTION]: Serializing inventory attempt for Product #1
2026-09-22T14:45:44.806+05:30  INFO 22448 --- [concurrent-order-engine] [       Worker-7] c.o.service.OrderProcessingService       : [Worker-7] Stock unavailable for Order #100. Marked OUT_OF_STOCK
=== CONCURRENCY TEST RESULTS ===
Total Attempted Orders: 100
Confirmed Orders: 1
Out of Stock Orders: 99
Final Available Stock: 0
Final Reserved Stock: 0
]]></system-out>
    <system-err><![CDATA[WARNING: A Java agent has been loaded dynamically (C:\Users\abhis\.m2\repository\net\bytebuddy\byte-buddy-agent\1.14.19\byte-buddy-agent-1.14.19.jar)
WARNING: If a serviceability tool is in use, please run with -XX:+EnableDynamicAgentLoading to hide this warning
WARNING: If a serviceability tool is not in use, please run with -Djdk.instrument.traceUsage for more information
WARNING: Dynamic loading of agents will be disallowed by default in a future release
]]></system-err>
  </testcase>
</testsuite>